#
# There is insufficient memory for the Java Runtime Environment to continue.
# Native memory allocation (mmap) failed to map 65536 bytes. Error detail: Failed to commit metaspace.
# Possible reasons:
#   The system is out of physical RAM or swap space
#   This process is running with CompressedOops enabled, and the Java Heap may be blocking the growth of the native heap
# Possible solutions:
#   Reduce memory load on the system
#   Increase physical memory or swap space
#   Check if swap backing store is full
#   Decrease Java heap size (-Xmx/-Xms)
#   Decrease number of Java threads
#   Decrease Java thread stack sizes (-Xss)
#   Set larger code cache with -XX:ReservedCodeCacheSize=
#   JVM is running with Unscaled Compressed Oops mode in which the Java heap is
#     placed in the first 4GB address space. The Java Heap base address is the
#     maximum limit for the native heap growth. Please use -XX:HeapBaseMinAddress
#     to set the Java Heap base and to place the Java Heap above 4GB virtual address.
# This output file may be truncated or incomplete.
#
#  Out of Memory Error (virtualSpaceNode.cpp:112), pid=10076, tid=2372
#
# JRE version: OpenJDK Runtime Environment (22.0.2+9) (build 22.0.2+9-70)
# Java VM: OpenJDK 64-Bit Server VM (22.0.2+9-70, mixed mode, sharing, tiered, compressed oops, compressed class ptrs, g1 gc, windows-amd64)
# No core dump will be written. Minidumps are not enabled by default on client versions of Windows
#

---------------  S U M M A R Y ------------

Command Line: -javaagent:C:\Users\Adilla\OneDrive\Desktop\IntelliJ IDEA Community Edition 2024.1.4\lib\idea_rt.jar=51187:C:\Users\Adilla\OneDrive\Desktop\IntelliJ IDEA Community Edition 2024.1.4\bin -Dfile.encoding=UTF-8 -Dsun.stdout.encoding=UTF-8 -Dsun.stderr.encoding=UTF-8 com.example.E_Commerce.ECommerceApplication

Host: Intel(R) Celeron(R) N4000 CPU @ 1.10GHz, 2 cores, 7G,  Windows 10 , 64 bit Build 19041 (10.0.19041.5198)
Time: Sat Dec 28 20:52:12 2024 India Standard Time elapsed time: 6.131027 seconds (0d 0h 0m 6s)

---------------  T H R E A D  ---------------

Current thread (0x000001eeeb6c05c0):  JavaThread "restartedMain"        [_thread_in_vm, id=2372, stack(0x0000004d5f800000,0x0000004d5f900000) (1024K)]

Stack: [0x0000004d5f800000,0x0000004d5f900000]
Native frames: (J=compiled Java code, j=interpreted, Vv=VM code, C=native code)
V  [jvm.dll+0x6e26e9]  (no source info available)
V  [jvm.dll+0x875753]  (no source info available)
V  [jvm.dll+0x877b7e]  (no source info available)
V  [jvm.dll+0x878253]  (no source info available)
V  [jvm.dll+0x27fc86]  (no source info available)
V  [jvm.dll+0x87139e]  (no source info available)
V  [jvm.dll+0x685755]  (no source info available)
V  [jvm.dll+0x6857ba]  (no source info available)
V  [jvm.dll+0x687ffa]  (no source info available)
V  [jvm.dll+0x224f6c]  (no source info available)
V  [jvm.dll+0x68616e]  (no source info available)
V  [jvm.dll+0x269dbf]  (no source info available)
V  [jvm.dll+0x6903c4]  (no source info available)
V  [jvm.dll+0x2151c1]  (no source info available)
V  [jvm.dll+0x21564a]  (no source info available)
V  [jvm.dll+0x216071]  (no source info available)
V  [jvm.dll+0x20b3ae]  (no source info available)
V  [jvm.dll+0x5c4a8f]  (no source info available)
V  [jvm.dll+0x21cb2a]  (no source info available)
V  [jvm.dll+0x7ebe8c]  (no source info available)
V  [jvm.dll+0x7ecf26]  (no source info available)
V  [jvm.dll+0x7ed534]  (no source info available)
V  [jvm.dll+0x7ed1b8]  (no source info available)
V  [jvm.dll+0x26d6ab]  (no source info available)
V  [jvm.dll+0x26d8da]  (no source info available)
V  [jvm.dll+0x5e8187]  (no source info available)
V  [jvm.dll+0x5eb186]  (no source info available)
V  [jvm.dll+0x3ddbfd]  (no source info available)
V  [jvm.dll+0x3dd1fd]  (no source info available)
C  0x000001ee9956970e  (no source info available)

The last pc belongs to invokestatic (printed below).
Java frames: (J=compiled Java code, j=interpreted, Vv=VM code)
j  java.util.logging.LogManager.setLoggerHandlers(Ljava/util/logging/Logger;Ljava/lang/String;Ljava/lang/String;Ljava/util/List;)V+90 java.logging@22.0.2
j  java.util.logging.LogManager$4.run()Ljava/lang/Void;+31 java.logging@22.0.2
j  java.util.logging.LogManager$4.run()Ljava/lang/Object;+1 java.logging@22.0.2
j  java.security.AccessController.executePrivileged(Ljava/security/PrivilegedAction;Ljava/security/AccessControlContext;Ljava/lang/Class;)Ljava/lang/Object;+29 java.base@22.0.2
j  java.security.AccessController.doPrivileged(Ljava/security/PrivilegedAction;)Ljava/lang/Object;+5 java.base@22.0.2
j  java.util.logging.LogManager.loadLoggerHandlers(Ljava/util/logging/Logger;Ljava/lang/String;Ljava/lang/String;)V+11 java.logging@22.0.2
j  java.util.logging.LogManager.initializeGlobalHandlers()V+52 java.logging@22.0.2
j  java.util.logging.LogManager$RootLogger.accessCheckedHandlers()[Ljava/util/logging/Handler;+4 java.logging@22.0.2
j  java.util.logging.Logger.getHandlers()[Ljava/util/logging/Handler;+1 java.logging@22.0.2
j  org.springframework.boot.logging.logback.LogbackLoggingSystem.isJulUsingASingleConsoleHandlerAtMost()Z+10
j  org.springframework.boot.logging.logback.LogbackLoggingSystem.isBridgeJulIntoSlf4j()Z+8
j  org.springframework.boot.logging.logback.LogbackLoggingSystem.configureJdkLoggingBridgeHandler()V+1
j  org.springframework.boot.logging.logback.LogbackLoggingSystem.beforeInitialize()V+19
j  org.springframework.boot.context.logging.LoggingApplicationListener.onApplicationStartingEvent(Lorg/springframework/boot/context/event/ApplicationStartingEvent;)V+18
j  org.springframework.boot.context.logging.LoggingApplicationListener.onApplicationEvent(Lorg/springframework/context/ApplicationEvent;)V+14
j  org.springframework.context.event.SimpleApplicationEventMulticaster.doInvokeListener(Lorg/springframework/context/ApplicationListener;Lorg/springframework/context/ApplicationEvent;)V+2
j  org.springframework.context.event.SimpleApplicationEventMulticaster.invokeListener(Lorg/springframework/context/ApplicationListener;Lorg/springframework/context/ApplicationEvent;)V+34
j  org.springframework.context.event.SimpleApplicationEventMulticaster.multicastEvent(Lorg/springframework/context/ApplicationEvent;Lorg/springframework/core/ResolvableType;)V+104
j  org.springframework.context.event.SimpleApplicationEventMulticaster.multicastEvent(Lorg/springframework/context/ApplicationEvent;)V+3
j  org.springframework.boot.context.event.EventPublishingRunListener.multicastInitialEvent(Lorg/springframework/context/ApplicationEvent;)V+9
j  org.springframework.boot.context.event.EventPublishingRunListener.starting(Lorg/springframework/boot/ConfigurableBootstrapContext;)V+17
j  org.springframework.boot.SpringApplicationRunListeners.lambda$starting$0(Lorg/springframework/boot/ConfigurableBootstrapContext;Lorg/springframework/boot/SpringApplicationRunListener;)V+2
j  org.springframework.boot.SpringApplicationRunListeners$$Lambda+0x000001eea708cf70.accept(Ljava/lang/Object;)V+8
j  java.lang.Iterable.forEach(Ljava/util/function/Consumer;)V+30 java.base@22.0.2
j  org.springframework.boot.SpringApplicationRunListeners.doWithListeners(Ljava/lang/String;Ljava/util/function/Consumer;Ljava/util/function/Consumer;)V+17
j  org.springframework.boot.SpringApplicationRunListeners.starting(Lorg/springframework/boot/ConfigurableBootstrapContext;Ljava/lang/Class;)V+15
j  org.springframework.boot.SpringApplication.run([Ljava/lang/String;)Lorg/springframework/context/ConfigurableApplicationContext;+43
j  org.springframework.boot.SpringApplication.run([Ljava/lang/Class;[Ljava/lang/String;)Lorg/springframework/context/ConfigurableApplicationContext;+9
j  org.springframework.boot.SpringApplication.run(Ljava/lang/Class;[Ljava/lang/String;)Lorg/springframework/context/ConfigurableApplicationContext;+9
j  com.example.E_Commerce.ECommerceApplication.main([Ljava/lang/String;)V+3
j  java.lang.invoke.LambdaForm$DMH+0x000001eea7004000.invokeStatic(Ljava/lang/Object;Ljava/lang/Object;)V+10 java.base@22.0.2
j  java.lang.invoke.LambdaForm$MH+0x000001eea7094c00.invoke(Ljava/lang/Object;Ljava/lang/Object;Ljava/lang/Object;)Ljava/lang/Object;+33 java.base@22.0.2
j  java.lang.invoke.Invokers$Holder.invokeExact_MT(Ljava/lang/Object;Ljava/lang/Object;Ljava/lang/Object;Ljava/lang/Object;)Ljava/lang/Object;+20 java.base@22.0.2
j  jdk.internal.reflect.DirectMethodHandleAccessor.invokeImpl(Ljava/lang/Object;[Ljava/lang/Object;)Ljava/lang/Object;+55 java.base@22.0.2
j  jdk.internal.reflect.DirectMethodHandleAccessor.invoke(Ljava/lang/Object;[Ljava/lang/Object;)Ljava/lang/Object;+23 java.base@22.0.2
j  java.lang.reflect.Method.invoke(Ljava/lang/Object;[Ljava/lang/Object;)Ljava/lang/Object;+102 java.base@22.0.2
j  org.springframework.boot.devtools.restart.RestartLauncher.run()V+47
v  ~StubRoutines::call_stub 0x000001ee99551015
invokestatic  184 invokestatic  [0x000001ee99569660, 0x000001ee99569938]  728 bytes
[MachCode]
  0x000001ee99569660: 4883 ec08 | f30f 1104 | 24eb 1f48 | 83ec 10f2 | 0f11 0424 | eb14 4883 | ec10 4889 | 0424 48c7 
  0x000001ee99569680: 4424 0800 | 0000 00eb | 0150 488b | 4dd0 410f | b755 0148 | 8b49 306b | d218 488d | 4c11 080f 
  0x000001ee995696a0: b659 1681 | fbb8 0000 | 000f 84b7 | 0000 00bb | b800 0000 | e805 0000 | 00e9 9300 | 0000 488b 
  0x000001ee995696c0: d348 8d44 | 2408 4c89 | 6dc0 498b | cf49 89af | b003 0000 | 4989 87a0 | 0300 0048 | 83ec 2040 
  0x000001ee995696e0: f6c4 0f0f | 8419 0000 | 0048 83ec | 0848 b890 | d1e2 30fe | 7f00 00ff | d048 83c4 | 08e9 0c00 
  0x000001ee99569700: 0000 48b8 | 90d1 e230 | fe7f 0000 | ffd0 4883 | c420 49c7 | 87a0 0300 | 0000 0000 | 0049 c787 
  0x000001ee99569720: b003 0000 | 0000 0000 | 49c7 87a8 | 0300 0000 | 0000 0049 | 837f 0800 | 0f84 0500 | 0000 e9bd 
  0x000001ee99569740: 77fe ff4c | 8b6d c04c | 8b75 c84e | 8d74 f500 | c348 8b4d | d041 0fb7 | 5501 488b | 4930 6bd2 
  0x000001ee99569760: 1848 8d4c | 1108 488b | 1948 8b5b | 0848 8b5b | 0848 8b5b | 1880 bb20 | 0100 0005 | 0f84 0d00 
  0x000001ee99569780: 0000 4c3b | bb30 0100 | 000f 8520 | ffff ff0f | b651 1548 | 8b19 4c89 | 6dc0 448b | ea0f b651 
  0x000001ee995697a0: 1449 ba40 | c86c 31fe | 7f00 0049 | 8b14 d252 | 418b d54c | 8b6d c048 | 8b45 d848 | 85c0 0f84 
  0x000001ee995697c0: 1200 0000 | 4883 4008 | 0148 8358 | 0800 4883 | c010 4889 | 45d8 488b | 45d8 4885 | c00f 843d 
  0x000001ee995697e0: 0100 0080 | 78f0 0a0f | 8533 0100 | 0048 83c0 | 084c 8b68 | f841 83ed | 0041 83fd | 020f 8c12 
  0x000001ee99569800: 0100 004c | 8b6b 0845 | 0fb7 6d2e | 4c2b 2841 | 83ed 014e | 8b6c ec08 | 4d85 ed75 | 0ef6 4008 
  0x000001ee99569820: 0175 58f0 | 4883 4808 | 01eb 5045 | 8b6d 0849 | ba00 0000 | a6ee 0100 | 004d 03ea | 4d8b d54c 
  0x000001ee99569840: 3368 0849 | f7c5 fcff | ffff 742f | 41f6 c502 | 7529 4883 | 7808 0074 | 1e48 8378 | 0801 7417 
  0x000001ee99569860: 4d8b ea4c | 3368 0849 | f7c5 fcff | ffff 740b | 4883 4808 | 02eb 044c | 8968 0848 | 83c0 104c 
  0x000001ee99569880: 8b68 e841 | 83ed 0241 | 83fd 020f | 8c84 0000 | 004c 8b6b | 0845 0fb7 | 6d2e 4c2b | 2841 83ed 
  0x000001ee995698a0: 014e 8b6c | ec08 4d85 | ed75 0ef6 | 4008 0175 | 58f0 4883 | 4808 01eb | 5045 8b6d | 0849 ba00 
  0x000001ee995698c0: 0000 a6ee | 0100 004d | 03ea 4d8b | d54c 3368 | 0849 f7c5 | fcff ffff | 742f 41f6 | c502 7529 
  0x000001ee995698e0: 4883 7808 | 0074 1e48 | 8378 0801 | 7417 4d8b | ea4c 3368 | 0849 f7c5 | fcff ffff | 740b 4883 
  0x000001ee99569900: 4808 02eb | 044c 8968 | 0848 83c0 | 104c 8b68 | d841 83ed | 0441 c1e5 | 0349 03c5 | 4889 45d8 
  0x000001ee99569920: 4c8d 6c24 | 0849 8bcd | 482b cd48 | c1f9 0348 | 894d f0ff | 6350 6690 
[/MachCode]

---------------  P R O C E S S  ---------------

Threads class SMR info:
_java_thread_list=0x000001eeeb972a20, length=14, elements={
0x000001ee87bcef60, 0x000001eea575d8c0, 0x000001eea575f7f0, 0x000001eea57674e0,
0x000001eea5767f40, 0x000001eea576a9b0, 0x000001eea576b410, 0x000001eea576c1a0,
0x000001eea57bea60, 0x000001eea597ef30, 0x000001eea5bfc0e0, 0x000001eeeb01d280,
0x000001eeeb3be920, 0x000001eeeb6c05c0
}

Java Threads: ( => current thread )
  0x000001ee87bcef60 JavaThread "main"                              [_thread_blocked, id=1572, stack(0x0000004d5e300000,0x0000004d5e400000) (1024K)]
  0x000001eea575d8c0 JavaThread "Reference Handler"          daemon [_thread_blocked, id=8928, stack(0x0000004d5eb00000,0x0000004d5ec00000) (1024K)]
  0x000001eea575f7f0 JavaThread "Finalizer"                  daemon [_thread_blocked, id=2832, stack(0x0000004d5ec00000,0x0000004d5ed00000) (1024K)]
  0x000001eea57674e0 JavaThread "Signal Dispatcher"          daemon [_thread_blocked, id=7508, stack(0x0000004d5ed00000,0x0000004d5ee00000) (1024K)]
  0x000001eea5767f40 JavaThread "Attach Listener"            daemon [_thread_blocked, id=8272, stack(0x0000004d5ee00000,0x0000004d5ef00000) (1024K)]
  0x000001eea576a9b0 JavaThread "Service Thread"             daemon [_thread_blocked, id=344, stack(0x0000004d5ef00000,0x0000004d5f000000) (1024K)]
  0x000001eea576b410 JavaThread "Monitor Deflation Thread"   daemon [_thread_blocked, id=12196, stack(0x0000004d5f000000,0x0000004d5f100000) (1024K)]
  0x000001eea576c1a0 JavaThread "C2 CompilerThread0"         daemon [_thread_blocked, id=13612, stack(0x0000004d5f100000,0x0000004d5f200000) (1024K)]
  0x000001eea57bea60 JavaThread "C1 CompilerThread0"         daemon [_thread_blocked, id=4856, stack(0x0000004d5f200000,0x0000004d5f300000) (1024K)]
  0x000001eea597ef30 JavaThread "Common-Cleaner"             daemon [_thread_blocked, id=14104, stack(0x0000004d5f300000,0x0000004d5f400000) (1024K)]
  0x000001eea5bfc0e0 JavaThread "Monitor Ctrl-Break"         daemon [_thread_in_native, id=7392, stack(0x0000004d5f500000,0x0000004d5f600000) (1024K)]
  0x000001eeeb01d280 JavaThread "Notification Thread"        daemon [_thread_blocked, id=14508, stack(0x0000004d5f600000,0x0000004d5f700000) (1024K)]
  0x000001eeeb3be920 JavaThread "Thread-0"                          [_thread_blocked, id=9556, stack(0x0000004d5f700000,0x0000004d5f800000) (1024K)]
=>0x000001eeeb6c05c0 JavaThread "restartedMain"                     [_thread_in_vm, id=2372, stack(0x0000004d5f800000,0x0000004d5f900000) (1024K)]
Total: 14

Other Threads:
  0x000001eea5743810 VMThread "VM Thread"                           [id=10312, stack(0x0000004d5ea00000,0x0000004d5eb00000) (1024K)] _threads_hazard_ptr=0x000001eeeb972a20
  0x000001eea572b060 WatcherThread "VM Periodic Task Thread"        [id=14604, stack(0x0000004d5e900000,0x0000004d5ea00000) (1024K)]
  0x000001ee89d3f9d0 WorkerThread "GC Thread#0"                     [id=13204, stack(0x0000004d5e400000,0x0000004d5e500000) (1024K)]
  0x000001eeeb07f320 WorkerThread "GC Thread#1"                     [id=14620, stack(0x0000004d5f400000,0x0000004d5f500000) (1024K)]
  0x000001ee87c8de30 ConcurrentGCThread "G1 Main Marker"            [id=11596, stack(0x0000004d5e500000,0x0000004d5e600000) (1024K)]
  0x000001ee87c8e940 WorkerThread "G1 Conc#0"                       [id=13896, stack(0x0000004d5e600000,0x0000004d5e700000) (1024K)]
  0x000001ee89d9e320 ConcurrentGCThread "G1 Refine#0"               [id=13128, stack(0x0000004d5e700000,0x0000004d5e800000) (1024K)]
  0x000001eea56003b0 ConcurrentGCThread "G1 Service"                [id=7524, stack(0x0000004d5e800000,0x0000004d5e900000) (1024K)]
Total: 8

Threads with active compile tasks:
Total: 0

VM state: synchronizing (normal execution)

VM Mutex/Monitor currently owned by a thread:  ([mutex/lock_event])
[0x00007ffe316bab00] Metaspace_lock - owner thread: 0x000001eeeb6c05c0
[0x00007ffe316bcb80] Threads_lock - owner thread: 0x000001eea5743810

Heap address: 0x0000000082e00000, size: 2002 MB, Compressed Oops mode: 32-bit

CDS archive(s) mapped at: [0x000001eea6000000-0x000001eea6c60000-0x000001eea6c60000), size 12976128, SharedBaseAddress: 0x000001eea6000000, ArchiveRelocationMode: 1.
Compressed class space mapped at: 0x000001eea7000000-0x000001eee7000000, reserved size: 1073741824
Narrow klass base: 0x000001eea6000000, Narrow klass shift: 0, Narrow klass range: 0x41000000

GC Precious Log:
 CardTable entry size: 512
 Card Set container configuration: InlinePtr #cards 5 size 8 Array Of Cards #cards 12 size 40 Howl #buckets 4 coarsen threshold 1843 Howl Bitmap #cards 512 size 80 coarsen threshold 460 Card regions per heap region 1 cards per card region 2048
 CPUs: 2 total, 2 available
 Memory: 8007M
 Large Page Support: Disabled
 NUMA Support: Disabled
 Compressed Oops: Enabled (32-bit)
 Heap Region Size: 1M
 Heap Min Capacity: 8M
 Heap Initial Capacity: 126M
 Heap Max Capacity: 2002M
 Pre-touch: Disabled
 Parallel Workers: 2
 Concurrent Workers: 1
 Concurrent Refinement Workers: 2
 Periodic GC: Disabled

Heap:
 garbage-first heap   total reserved 2050048K, committed 129024K, used 11837K [0x0000000082e00000, 0x0000000100000000)
  region size 1024K, 7 young (7168K), 2 survivors (2048K)
 Metaspace       used 5485K, committed 5632K, reserved 1114112K
  class space    used 617K, committed 704K, reserved 1048576K

Heap Regions: E=young(eden), S=young(survivor), O=old, HS=humongous(starts), HC=humongous(continues), CS=collection set, F=free, TAMS=top-at-mark-start, PB=parsable bottom
|   0|0x0000000082e00000, 0x0000000082f00000, 0x0000000082f00000|100%|HS|  |TAMS 0x0000000082e00000| PB 0x0000000082e00000| Complete |  0
|   1|0x0000000082f00000, 0x0000000083000000, 0x0000000083000000|100%| O|  |TAMS 0x0000000082f00000| PB 0x0000000082f00000| Untracked |  0
|   2|0x0000000083000000, 0x0000000083100000, 0x0000000083100000|100%| O|  |TAMS 0x0000000083000000| PB 0x0000000083000000| Untracked |  0
|   3|0x0000000083100000, 0x0000000083200000, 0x0000000083200000|100%| O|  |TAMS 0x0000000083100000| PB 0x0000000083100000| Untracked |  0
|   4|0x0000000083200000, 0x0000000083300000, 0x0000000083300000|100%| O|  |TAMS 0x0000000083200000| PB 0x0000000083200000| Untracked |  0
|   5|0x0000000083300000, 0x00000000833fba78, 0x0000000083400000| 98%| O|  |TAMS 0x0000000083300000| PB 0x0000000083300000| Untracked |  0
|   6|0x0000000083400000, 0x0000000083400000, 0x0000000083500000|  0%| F|  |TAMS 0x0000000083400000| PB 0x0000000083400000| Untracked |  0
|   7|0x0000000083500000, 0x0000000083500000, 0x0000000083600000|  0%| F|  |TAMS 0x0000000083500000| PB 0x0000000083500000| Untracked |  0
|   8|0x0000000083600000, 0x0000000083600000, 0x0000000083700000|  0%| F|  |TAMS 0x0000000083600000| PB 0x0000000083600000| Untracked |  0
|   9|0x0000000083700000, 0x0000000083700000, 0x0000000083800000|  0%| F|  |TAMS 0x0000000083700000| PB 0x0000000083700000| Untracked |  0
|  10|0x0000000083800000, 0x0000000083800000, 0x0000000083900000|  0%| F|  |TAMS 0x0000000083800000| PB 0x0000000083800000| Untracked |  0
|  11|0x0000000083900000, 0x0000000083900000, 0x0000000083a00000|  0%| F|  |TAMS 0x0000000083900000| PB 0x0000000083900000| Untracked |  0
|  12|0x0000000083a00000, 0x0000000083a00000, 0x0000000083b00000|  0%| F|  |TAMS 0x0000000083a00000| PB 0x0000000083a00000| Untracked |  0
|  13|0x0000000083b00000, 0x0000000083b00000, 0x0000000083c00000|  0%| F|  |TAMS 0x0000000083b00000| PB 0x0000000083b00000| Untracked |  0
|  14|0x0000000083c00000, 0x0000000083c00000, 0x0000000083d00000|  0%| F|  |TAMS 0x0000000083c00000| PB 0x0000000083c00000| Untracked |  0
|  15|0x0000000083d00000, 0x0000000083d00000, 0x0000000083e00000|  0%| F|  |TAMS 0x0000000083d00000| PB 0x0000000083d00000| Untracked |  0
|  16|0x0000000083e00000, 0x0000000083e00000, 0x0000000083f00000|  0%| F|  |TAMS 0x0000000083e00000| PB 0x0000000083e00000| Untracked |  0
|  17|0x0000000083f00000, 0x0000000083f00000, 0x0000000084000000|  0%| F|  |TAMS 0x0000000083f00000| PB 0x0000000083f00000| Untracked |  0
|  18|0x0000000084000000, 0x0000000084000000, 0x0000000084100000|  0%| F|  |TAMS 0x0000000084000000| PB 0x0000000084000000| Untracked |  0
|  19|0x0000000084100000, 0x0000000084100000, 0x0000000084200000|  0%| F|  |TAMS 0x0000000084100000| PB 0x0000000084100000| Untracked |  0
|  20|0x0000000084200000, 0x0000000084200000, 0x0000000084300000|  0%| F|  |TAMS 0x0000000084200000| PB 0x0000000084200000| Untracked |  0
|  21|0x0000000084300000, 0x0000000084300000, 0x0000000084400000|  0%| F|  |TAMS 0x0000000084300000| PB 0x0000000084300000| Untracked |  0
|  22|0x0000000084400000, 0x0000000084400000, 0x0000000084500000|  0%| F|  |TAMS 0x0000000084400000| PB 0x0000000084400000| Untracked |  0
|  23|0x0000000084500000, 0x0000000084500000, 0x0000000084600000|  0%| F|  |TAMS 0x0000000084500000| PB 0x0000000084500000| Untracked |  0
|  24|0x0000000084600000, 0x0000000084600000, 0x0000000084700000|  0%| F|  |TAMS 0x0000000084600000| PB 0x0000000084600000| Untracked |  0
|  25|0x0000000084700000, 0x0000000084700000, 0x0000000084800000|  0%| F|  |TAMS 0x0000000084700000| PB 0x0000000084700000| Untracked |  0
|  26|0x0000000084800000, 0x0000000084800000, 0x0000000084900000|  0%| F|  |TAMS 0x0000000084800000| PB 0x0000000084800000| Untracked |  0
|  27|0x0000000084900000, 0x0000000084900000, 0x0000000084a00000|  0%| F|  |TAMS 0x0000000084900000| PB 0x0000000084900000| Untracked |  0
|  28|0x0000000084a00000, 0x0000000084a00000, 0x0000000084b00000|  0%| F|  |TAMS 0x0000000084a00000| PB 0x0000000084a00000| Untracked |  0
|  29|0x0000000084b00000, 0x0000000084b00000, 0x0000000084c00000|  0%| F|  |TAMS 0x0000000084b00000| PB 0x0000000084b00000| Untracked |  0
|  30|0x0000000084c00000, 0x0000000084c00000, 0x0000000084d00000|  0%| F|  |TAMS 0x0000000084c00000| PB 0x0000000084c00000| Untracked |  0
|  31|0x0000000084d00000, 0x0000000084d00000, 0x0000000084e00000|  0%| F|  |TAMS 0x0000000084d00000| PB 0x0000000084d00000| Untracked |  0
|  32|0x0000000084e00000, 0x0000000084e00000, 0x0000000084f00000|  0%| F|  |TAMS 0x0000000084e00000| PB 0x0000000084e00000| Untracked |  0
|  33|0x0000000084f00000, 0x0000000084f00000, 0x0000000085000000|  0%| F|  |TAMS 0x0000000084f00000| PB 0x0000000084f00000| Untracked |  0
|  34|0x0000000085000000, 0x0000000085000000, 0x0000000085100000|  0%| F|  |TAMS 0x0000000085000000| PB 0x0000000085000000| Untracked |  0
|  35|0x0000000085100000, 0x0000000085100000, 0x0000000085200000|  0%| F|  |TAMS 0x0000000085100000| PB 0x0000000085100000| Untracked |  0
|  36|0x0000000085200000, 0x0000000085200000, 0x0000000085300000|  0%| F|  |TAMS 0x0000000085200000| PB 0x0000000085200000| Untracked |  0
|  37|0x0000000085300000, 0x0000000085300000, 0x0000000085400000|  0%| F|  |TAMS 0x0000000085300000| PB 0x0000000085300000| Untracked |  0
|  38|0x0000000085400000, 0x0000000085400000, 0x0000000085500000|  0%| F|  |TAMS 0x0000000085400000| PB 0x0000000085400000| Untracked |  0
|  39|0x0000000085500000, 0x0000000085500000, 0x0000000085600000|  0%| F|  |TAMS 0x0000000085500000| PB 0x0000000085500000| Untracked |  0
|  40|0x0000000085600000, 0x0000000085600000, 0x0000000085700000|  0%| F|  |TAMS 0x0000000085600000| PB 0x0000000085600000| Untracked |  0
|  41|0x0000000085700000, 0x0000000085700000, 0x0000000085800000|  0%| F|  |TAMS 0x0000000085700000| PB 0x0000000085700000| Untracked |  0
|  42|0x0000000085800000, 0x0000000085800000, 0x0000000085900000|  0%| F|  |TAMS 0x0000000085800000| PB 0x0000000085800000| Untracked |  0
|  43|0x0000000085900000, 0x0000000085900000, 0x0000000085a00000|  0%| F|  |TAMS 0x0000000085900000| PB 0x0000000085900000| Untracked |  0
|  44|0x0000000085a00000, 0x0000000085a00000, 0x0000000085b00000|  0%| F|  |TAMS 0x0000000085a00000| PB 0x0000000085a00000| Untracked |  0
|  45|0x0000000085b00000, 0x0000000085b00000, 0x0000000085c00000|  0%| F|  |TAMS 0x0000000085b00000| PB 0x0000000085b00000| Untracked |  0
|  46|0x0000000085c00000, 0x0000000085c00000, 0x0000000085d00000|  0%| F|  |TAMS 0x0000000085c00000| PB 0x0000000085c00000| Untracked |  0
|  47|0x0000000085d00000, 0x0000000085d00000, 0x0000000085e00000|  0%| F|  |TAMS 0x0000000085d00000| PB 0x0000000085d00000| Untracked |  0
|  48|0x0000000085e00000, 0x0000000085e00000, 0x0000000085f00000|  0%| F|  |TAMS 0x0000000085e00000| PB 0x0000000085e00000| Untracked |  0
|  49|0x0000000085f00000, 0x0000000085f00000, 0x0000000086000000|  0%| F|  |TAMS 0x0000000085f00000| PB 0x0000000085f00000| Untracked |  0
|  50|0x0000000086000000, 0x0000000086000000, 0x0000000086100000|  0%| F|  |TAMS 0x0000000086000000| PB 0x0000000086000000| Untracked |  0
|  51|0x0000000086100000, 0x0000000086100000, 0x0000000086200000|  0%| F|  |TAMS 0x0000000086100000| PB 0x0000000086100000| Untracked |  0
|  52|0x0000000086200000, 0x0000000086200000, 0x0000000086300000|  0%| F|  |TAMS 0x0000000086200000| PB 0x0000000086200000| Untracked |  0
|  53|0x0000000086300000, 0x0000000086300000, 0x0000000086400000|  0%| F|  |TAMS 0x0000000086300000| PB 0x0000000086300000| Untracked |  0
|  54|0x0000000086400000, 0x0000000086400000, 0x0000000086500000|  0%| F|  |TAMS 0x0000000086400000| PB 0x0000000086400000| Untracked |  0
|  55|0x0000000086500000, 0x0000000086500000, 0x0000000086600000|  0%| F|  |TAMS 0x0000000086500000| PB 0x0000000086500000| Untracked |  0
|  56|0x0000000086600000, 0x0000000086600000, 0x0000000086700000|  0%| F|  |TAMS 0x0000000086600000| PB 0x0000000086600000| Untracked |  0
|  57|0x0000000086700000, 0x0000000086700000, 0x0000000086800000|  0%| F|  |TAMS 0x0000000086700000| PB 0x0000000086700000| Untracked |  0
|  58|0x0000000086800000, 0x0000000086800000, 0x0000000086900000|  0%| F|  |TAMS 0x0000000086800000| PB 0x0000000086800000| Untracked |  0
|  59|0x0000000086900000, 0x0000000086900000, 0x0000000086a00000|  0%| F|  |TAMS 0x0000000086900000| PB 0x0000000086900000| Untracked |  0
|  60|0x0000000086a00000, 0x0000000086a00000, 0x0000000086b00000|  0%| F|  |TAMS 0x0000000086a00000| PB 0x0000000086a00000| Untracked |  0
|  61|0x0000000086b00000, 0x0000000086b00000, 0x0000000086c00000|  0%| F|  |TAMS 0x0000000086b00000| PB 0x0000000086b00000| Untracked |  0
|  62|0x0000000086c00000, 0x0000000086c00000, 0x0000000086d00000|  0%| F|  |TAMS 0x0000000086c00000| PB 0x0000000086c00000| Untracked |  0
|  63|0x0000000086d00000, 0x0000000086d00000, 0x0000000086e00000|  0%| F|  |TAMS 0x0000000086d00000| PB 0x0000000086d00000| Untracked |  0
|  64|0x0000000086e00000, 0x0000000086e00000, 0x0000000086f00000|  0%| F|  |TAMS 0x0000000086e00000| PB 0x0000000086e00000| Untracked |  0
|  65|0x0000000086f00000, 0x0000000086f00000, 0x0000000087000000|  0%| F|  |TAMS 0x0000000086f00000| PB 0x0000000086f00000| Untracked |  0
|  66|0x0000000087000000, 0x0000000087000000, 0x0000000087100000|  0%| F|  |TAMS 0x0000000087000000| PB 0x0000000087000000| Untracked |  0
|  67|0x0000000087100000, 0x0000000087100000, 0x0000000087200000|  0%| F|  |TAMS 0x0000000087100000| PB 0x0000000087100000| Untracked |  0
|  68|0x0000000087200000, 0x0000000087200000, 0x0000000087300000|  0%| F|  |TAMS 0x0000000087200000| PB 0x0000000087200000| Untracked |  0
|  69|0x0000000087300000, 0x0000000087300000, 0x0000000087400000|  0%| F|  |TAMS 0x0000000087300000| PB 0x0000000087300000| Untracked |  0
|  70|0x0000000087400000, 0x0000000087400000, 0x0000000087500000|  0%| F|  |TAMS 0x0000000087400000| PB 0x0000000087400000| Untracked |  0
|  71|0x0000000087500000, 0x0000000087500000, 0x0000000087600000|  0%| F|  |TAMS 0x0000000087500000| PB 0x0000000087500000| Untracked |  0
|  72|0x0000000087600000, 0x0000000087600000, 0x0000000087700000|  0%| F|  |TAMS 0x0000000087600000| PB 0x0000000087600000| Untracked |  0
|  73|0x0000000087700000, 0x0000000087700000, 0x0000000087800000|  0%| F|  |TAMS 0x0000000087700000| PB 0x0000000087700000| Untracked |  0
|  74|0x0000000087800000, 0x0000000087800000, 0x0000000087900000|  0%| F|  |TAMS 0x0000000087800000| PB 0x0000000087800000| Untracked |  0
|  75|0x0000000087900000, 0x0000000087900000, 0x0000000087a00000|  0%| F|  |TAMS 0x0000000087900000| PB 0x0000000087900000| Untracked |  0
|  76|0x0000000087a00000, 0x0000000087a00000, 0x0000000087b00000|  0%| F|  |TAMS 0x0000000087a00000| PB 0x0000000087a00000| Untracked |  0
|  77|0x0000000087b00000, 0x0000000087b00000, 0x0000000087c00000|  0%| F|  |TAMS 0x0000000087b00000| PB 0x0000000087b00000| Untracked |  0
|  78|0x0000000087c00000, 0x0000000087c00000, 0x0000000087d00000|  0%| F|  |TAMS 0x0000000087c00000| PB 0x0000000087c00000| Untracked |  0
|  79|0x0000000087d00000, 0x0000000087d00000, 0x0000000087e00000|  0%| F|  |TAMS 0x0000000087d00000| PB 0x0000000087d00000| Untracked |  0
|  80|0x0000000087e00000, 0x0000000087e00000, 0x0000000087f00000|  0%| F|  |TAMS 0x0000000087e00000| PB 0x0000000087e00000| Untracked |  0
|  81|0x0000000087f00000, 0x0000000087f00000, 0x0000000088000000|  0%| F|  |TAMS 0x0000000087f00000| PB 0x0000000087f00000| Untracked |  0
|  82|0x0000000088000000, 0x0000000088000000, 0x0000000088100000|  0%| F|  |TAMS 0x0000000088000000| PB 0x0000000088000000| Untracked |  0
|  83|0x0000000088100000, 0x0000000088100000, 0x0000000088200000|  0%| F|  |TAMS 0x0000000088100000| PB 0x0000000088100000| Untracked |  0
|  84|0x0000000088200000, 0x0000000088200000, 0x0000000088300000|  0%| F|  |TAMS 0x0000000088200000| PB 0x0000000088200000| Untracked |  0
|  85|0x0000000088300000, 0x0000000088300000, 0x0000000088400000|  0%| F|  |TAMS 0x0000000088300000| PB 0x0000000088300000| Untracked |  0
|  86|0x0000000088400000, 0x0000000088400000, 0x0000000088500000|  0%| F|  |TAMS 0x0000000088400000| PB 0x0000000088400000| Untracked |  0
|  87|0x0000000088500000, 0x0000000088500000, 0x0000000088600000|  0%| F|  |TAMS 0x0000000088500000| PB 0x0000000088500000| Untracked |  0
|  88|0x0000000088600000, 0x0000000088600000, 0x0000000088700000|  0%| F|  |TAMS 0x0000000088600000| PB 0x0000000088600000| Untracked |  0
|  89|0x0000000088700000, 0x0000000088700000, 0x0000000088800000|  0%| F|  |TAMS 0x0000000088700000| PB 0x0000000088700000| Untracked |  0
|  90|0x0000000088800000, 0x0000000088800000, 0x0000000088900000|  0%| F|  |TAMS 0x0000000088800000| PB 0x0000000088800000| Untracked |  0
|  91|0x0000000088900000, 0x0000000088900000, 0x0000000088a00000|  0%| F|  |TAMS 0x0000000088900000| PB 0x0000000088900000| Untracked |  0
|  92|0x0000000088a00000, 0x0000000088a00000, 0x0000000088b00000|  0%| F|  |TAMS 0x0000000088a00000| PB 0x0000000088a00000| Untracked |  0
|  93|0x0000000088b00000, 0x0000000088b00000, 0x0000000088c00000|  0%| F|  |TAMS 0x0000000088b00000| PB 0x0000000088b00000| Untracked |  0
|  94|0x0000000088c00000, 0x0000000088c00000, 0x0000000088d00000|  0%| F|  |TAMS 0x0000000088c00000| PB 0x0000000088c00000| Untracked |  0
|  95|0x0000000088d00000, 0x0000000088d00000, 0x0000000088e00000|  0%| F|  |TAMS 0x0000000088d00000| PB 0x0000000088d00000| Untracked |  0
|  96|0x0000000088e00000, 0x0000000088e00000, 0x0000000088f00000|  0%| F|  |TAMS 0x0000000088e00000| PB 0x0000000088e00000| Untracked |  0
|  97|0x0000000088f00000, 0x0000000088f00000, 0x0000000089000000|  0%| F|  |TAMS 0x0000000088f00000| PB 0x0000000088f00000| Untracked |  0
|  98|0x0000000089000000, 0x0000000089000000, 0x0000000089100000|  0%| F|  |TAMS 0x0000000089000000| PB 0x0000000089000000| Untracked |  0
|  99|0x0000000089100000, 0x0000000089100000, 0x0000000089200000|  0%| F|  |TAMS 0x0000000089100000| PB 0x0000000089100000| Untracked |  0
| 100|0x0000000089200000, 0x0000000089200000, 0x0000000089300000|  0%| F|  |TAMS 0x0000000089200000| PB 0x0000000089200000| Untracked |  0
| 101|0x0000000089300000, 0x0000000089300000, 0x0000000089400000|  0%| F|  |TAMS 0x0000000089300000| PB 0x0000000089300000| Untracked |  0
| 102|0x0000000089400000, 0x0000000089400000, 0x0000000089500000|  0%| F|  |TAMS 0x0000000089400000| PB 0x0000000089400000| Untracked |  0
| 103|0x0000000089500000, 0x0000000089500000, 0x0000000089600000|  0%| F|  |TAMS 0x0000000089500000| PB 0x0000000089500000| Untracked |  0
| 104|0x0000000089600000, 0x0000000089600000, 0x0000000089700000|  0%| F|  |TAMS 0x0000000089600000| PB 0x0000000089600000| Untracked |  0
| 105|0x0000000089700000, 0x0000000089700000, 0x0000000089800000|  0%| F|  |TAMS 0x0000000089700000| PB 0x0000000089700000| Untracked |  0
| 106|0x0000000089800000, 0x0000000089800000, 0x0000000089900000|  0%| F|  |TAMS 0x0000000089800000| PB 0x0000000089800000| Untracked |  0
| 107|0x0000000089900000, 0x0000000089900000, 0x0000000089a00000|  0%| F|  |TAMS 0x0000000089900000| PB 0x0000000089900000| Untracked |  0
| 108|0x0000000089a00000, 0x0000000089a00000, 0x0000000089b00000|  0%| F|  |TAMS 0x0000000089a00000| PB 0x0000000089a00000| Untracked |  0
| 109|0x0000000089b00000, 0x0000000089b00000, 0x0000000089c00000|  0%| F|  |TAMS 0x0000000089b00000| PB 0x0000000089b00000| Untracked |  0
| 110|0x0000000089c00000, 0x0000000089c00000, 0x0000000089d00000|  0%| F|  |TAMS 0x0000000089c00000| PB 0x0000000089c00000| Untracked |  0
| 111|0x0000000089d00000, 0x0000000089d00000, 0x0000000089e00000|  0%| F|  |TAMS 0x0000000089d00000| PB 0x0000000089d00000| Untracked |  0
| 112|0x0000000089e00000, 0x0000000089e00000, 0x0000000089f00000|  0%| F|  |TAMS 0x0000000089e00000| PB 0x0000000089e00000| Untracked |  0
| 113|0x0000000089f00000, 0x0000000089f00000, 0x000000008a000000|  0%| F|  |TAMS 0x0000000089f00000| PB 0x0000000089f00000| Untracked |  0
| 114|0x000000008a000000, 0x000000008a000000, 0x000000008a100000|  0%| F|  |TAMS 0x000000008a000000| PB 0x000000008a000000| Untracked |  0
| 115|0x000000008a100000, 0x000000008a193ce0, 0x000000008a200000| 57%| S|CS|TAMS 0x000000008a100000| PB 0x000000008a100000| Complete |  0
| 116|0x000000008a200000, 0x000000008a300000, 0x000000008a300000|100%| S|CS|TAMS 0x000000008a200000| PB 0x000000008a200000| Complete |  0
| 117|0x000000008a300000, 0x000000008a300000, 0x000000008a400000|  0%| F|  |TAMS 0x000000008a300000| PB 0x000000008a300000| Untracked |  0
| 118|0x000000008a400000, 0x000000008a400000, 0x000000008a500000|  0%| F|  |TAMS 0x000000008a400000| PB 0x000000008a400000| Untracked |  0
| 119|0x000000008a500000, 0x000000008a500000, 0x000000008a600000|  0%| F|  |TAMS 0x000000008a500000| PB 0x000000008a500000| Untracked |  0
| 120|0x000000008a600000, 0x000000008a600000, 0x000000008a700000|  0%| F|  |TAMS 0x000000008a600000| PB 0x000000008a600000| Untracked |  0
| 121|0x000000008a700000, 0x000000008a73d728, 0x000000008a800000| 24%| E|  |TAMS 0x000000008a700000| PB 0x000000008a700000| Complete |  0
| 122|0x000000008a800000, 0x000000008a900000, 0x000000008a900000|100%| E|CS|TAMS 0x000000008a800000| PB 0x000000008a800000| Complete |  0
| 123|0x000000008a900000, 0x000000008aa00000, 0x000000008aa00000|100%| E|CS|TAMS 0x000000008a900000| PB 0x000000008a900000| Complete |  0
| 124|0x000000008aa00000, 0x000000008ab00000, 0x000000008ab00000|100%| E|CS|TAMS 0x000000008aa00000| PB 0x000000008aa00000| Complete |  0
| 125|0x000000008ab00000, 0x000000008ac00000, 0x000000008ac00000|100%| E|CS|TAMS 0x000000008ab00000| PB 0x000000008ab00000| Complete |  0

Card table byte_map: [0x000001eea1020000,0x000001eea1410000] _byte_map_base: 0x000001eea0c09000

Marking Bits: (CMBitMap*) 0x000001ee89d400e0
 Bits: [0x000001eea1410000, 0x000001eea3358000)

Polling page: 0x000001ee87e20000

Metaspace:

Usage:
  Non-class:      4.75 MB used.
      Class:    617.19 KB used.
       Both:      5.36 MB used.

Virtual space:
  Non-class space:       64.00 MB reserved,       4.81 MB (  8%) committed,  1 nodes.
      Class space:        1.00 GB reserved,     704.00 KB ( <1%) committed,  1 nodes.
             Both:        1.06 GB reserved,       5.50 MB ( <1%) committed. 

Chunk freelists:
   Non-Class:  9.88 MB
       Class:  15.13 MB
        Both:  25.01 MB

MaxMetaspaceSize: unlimited
CompressedClassSpaceSize: 1.00 GB
Initial GC threshold: 21.00 MB
Current GC threshold: 21.00 MB
CDS: on
 - commit_granule_bytes: 65536.
 - commit_granule_words: 8192.
 - virtual_space_node_default_size: 8388608.
 - enlarge_chunks_in_place: 1.
 - use_allocation_guard: 0.


Internal statistics:

num_allocs_failed_limit: 0.
num_arena_births: 158.
num_arena_deaths: 0.
num_vsnodes_births: 2.
num_vsnodes_deaths: 0.
num_space_committed: 88.
num_space_uncommitted: 0.
num_chunks_returned_to_freelist: 0.
num_chunks_taken_from_freelist: 327.
num_chunk_merges: 0.
num_chunk_splits: 185.
num_chunks_enlarged: 90.
num_inconsistent_stats: 0.

CodeHeap 'non-profiled nmethods': size=120064Kb used=448Kb max_used=448Kb free=119615Kb
 bounds [0x000001ee99ae0000, 0x000001ee99d50000, 0x000001eea1020000]
CodeHeap 'profiled nmethods': size=120000Kb used=2249Kb max_used=2249Kb free=117750Kb
 bounds [0x000001ee92020000, 0x000001ee92290000, 0x000001ee99550000]
CodeHeap 'non-nmethods': size=5696Kb used=1379Kb max_used=1393Kb free=4316Kb
 bounds [0x000001ee99550000, 0x000001ee997c0000, 0x000001ee99ae0000]
 total_blobs=1711 nmethods=1236 adapters=381
 compilation: enabled
              stopped_count=0, restarted_count=0
 full_count=0

Compilation events (20 events):
Event: 6.100 Thread 0x000001eea57bea60 1227       3       java.lang.invoke.MethodHandleNatives::findMethodHandleType (7 bytes)
Event: 6.100 Thread 0x000001eea57bea60 nmethod 1227 0x000001ee9224d690 code [0x000001ee9224d840, 0x000001ee9224d960]
Event: 6.100 Thread 0x000001eea57bea60 1228       3       java.lang.invoke.AbstractValidatingLambdaMetafactory::isAdaptableTo (126 bytes)
Event: 6.101 Thread 0x000001eea57bea60 nmethod 1228 0x000001ee9224da10 code [0x000001ee9224dca0, 0x000001ee9224e608]
Event: 6.102 Thread 0x000001eea57bea60 1229       3       java.lang.invoke.MethodHandles$Lookup::<init> (84 bytes)
Event: 6.103 Thread 0x000001eea57bea60 nmethod 1229 0x000001ee9224e990 code [0x000001ee9224eb40, 0x000001ee9224ed88]
Event: 6.103 Thread 0x000001eea57bea60 1230       3       java.lang.invoke.MethodHandleNatives::isCallerSensitive (29 bytes)
Event: 6.103 Thread 0x000001eea57bea60 nmethod 1230 0x000001ee9224ee90 code [0x000001ee9224f060, 0x000001ee9224f488]
Event: 6.107 Thread 0x000001eea576c1a0 1231       4       java.nio.Buffer::session (20 bytes)
Event: 6.108 Thread 0x000001eea576c1a0 nmethod 1231 0x000001ee99b4ff10 code [0x000001ee99b50080, 0x000001ee99b50130]
Event: 6.108 Thread 0x000001eea57bea60 1232       3       jdk.internal.jimage.ImageLocation::verify (218 bytes)
Event: 6.109 Thread 0x000001eea57bea60 nmethod 1232 0x000001ee9224f610 code [0x000001ee9224f8c0, 0x000001ee922505b8]
Event: 6.110 Thread 0x000001eea57bea60 1233       3       jdk.internal.jimage.BasicImageReader::match (37 bytes)
Event: 6.110 Thread 0x000001eea57bea60 nmethod 1233 0x000001ee92250b10 code [0x000001ee92250ce0, 0x000001ee92250f88]
Event: 6.111 Thread 0x000001eea57bea60 1234       3       java.util.Arrays::hashCode (47 bytes)
Event: 6.112 Thread 0x000001eea57bea60 nmethod 1234 0x000001ee92251090 code [0x000001ee92251260, 0x000001ee92251600]
Event: 6.112 Thread 0x000001eea57bea60 1235       3       sun.invoke.util.VerifyAccess::isTypeVisible (47 bytes)
Event: 6.112 Thread 0x000001eea57bea60 nmethod 1235 0x000001ee92251790 code [0x000001ee92251980, 0x000001ee92251d68]
Event: 6.117 Thread 0x000001eea57bea60 1236       3       java.lang.ref.SoftReference::<init> (13 bytes)
Event: 6.117 Thread 0x000001eea57bea60 nmethod 1236 0x000001ee92251f90 code [0x000001ee92252140, 0x000001ee92252460]

GC Heap History (6 events):
Event: 2.165 GC heap before
{Heap before GC invocations=0 (full 0):
 garbage-first heap   total reserved 2050048K, committed 129024K, used 7168K [0x0000000082e00000, 0x0000000100000000)
  region size 1024K, 7 young (7168K), 0 survivors (0K)
 Metaspace       used 428K, committed 640K, reserved 1114112K
  class space    used 15K, committed 128K, reserved 1048576K
}
Event: 2.173 GC heap after
{Heap after GC invocations=1 (full 0):
 garbage-first heap   total reserved 2050048K, committed 129024K, used 5741K [0x0000000082e00000, 0x0000000100000000)
  region size 1024K, 1 young (1024K), 1 survivors (1024K)
 Metaspace       used 428K, committed 640K, reserved 1114112K
  class space    used 15K, committed 128K, reserved 1048576K
}
Event: 4.016 GC heap before
{Heap before GC invocations=1 (full 0):
 garbage-first heap   total reserved 2050048K, committed 129024K, used 10861K [0x0000000082e00000, 0x0000000100000000)
  region size 1024K, 6 young (6144K), 1 survivors (1024K)
 Metaspace       used 2876K, committed 3136K, reserved 1114112K
  class space    used 273K, committed 384K, reserved 1048576K
}
Event: 4.021 GC heap after
{Heap after GC invocations=2 (full 0):
 garbage-first heap   total reserved 2050048K, committed 129024K, used 7150K [0x0000000082e00000, 0x0000000100000000)
  region size 1024K, 1 young (1024K), 1 survivors (1024K)
 Metaspace       used 2876K, committed 3136K, reserved 1114112K
  class space    used 273K, committed 384K, reserved 1048576K
}
Event: 5.650 GC heap before
{Heap before GC invocations=2 (full 0):
 garbage-first heap   total reserved 2050048K, committed 129024K, used 15342K [0x0000000082e00000, 0x0000000100000000)
  region size 1024K, 9 young (9216K), 1 survivors (1024K)
 Metaspace       used 4907K, committed 5184K, reserved 1114112K
  class space    used 550K, committed 704K, reserved 1048576K
}
Event: 5.655 GC heap after
{Heap after GC invocations=3 (full 0):
 garbage-first heap   total reserved 2050048K, committed 129024K, used 7741K [0x0000000082e00000, 0x0000000100000000)
  region size 1024K, 2 young (2048K), 2 survivors (2048K)
 Metaspace       used 4907K, committed 5184K, reserved 1114112K
  class space    used 550K, committed 704K, reserved 1048576K
}

Dll operation events (12 events):
Event: 0.384 Loaded shared library C:\Users\Adilla\.jdks\openjdk-22.0.2\bin\java.dll
Event: 0.496 Loaded shared library C:\Users\Adilla\.jdks\openjdk-22.0.2\bin\jsvml.dll
Event: 0.886 Loaded shared library C:\Users\Adilla\.jdks\openjdk-22.0.2\bin\zip.dll
Event: 0.968 Loaded shared library C:\Users\Adilla\.jdks\openjdk-22.0.2\bin\instrument.dll
Event: 0.992 Loaded shared library C:\Users\Adilla\.jdks\openjdk-22.0.2\bin\net.dll
Event: 0.995 Loaded shared library C:\Users\Adilla\.jdks\openjdk-22.0.2\bin\nio.dll
Event: 1.003 Loaded shared library C:\Users\Adilla\.jdks\openjdk-22.0.2\bin\zip.dll
Event: 2.299 Loaded shared library C:\Users\Adilla\OneDrive\Desktop\IntelliJ IDEA Community Edition 2024.1.4\bin\breakgen64.dll
Event: 2.397 Loaded shared library C:\Users\Adilla\.jdks\openjdk-22.0.2\bin\extnet.dll
Event: 2.933 Loaded shared library C:\Users\Adilla\.jdks\openjdk-22.0.2\bin\jimage.dll
Event: 5.574 Loaded shared library C:\Users\Adilla\.jdks\openjdk-22.0.2\bin\management.dll
Event: 5.577 Loaded shared library C:\Users\Adilla\.jdks\openjdk-22.0.2\bin\management_ext.dll

Deoptimization events (20 events):
Event: 5.584 Thread 0x000001ee87bcef60 DEOPT PACKING pc=0x000001ee99aef07c sp=0x0000004d5e3fdd30
Event: 5.584 Thread 0x000001ee87bcef60 DEOPT UNPACKING pc=0x000001ee995a469c sp=0x0000004d5e3fdce0 mode 2
Event: 5.776 Thread 0x000001eeeb6c05c0 Uncommon trap: trap_request=0xffffff54 fr.pc=0x000001ee99b20220 relative=0x00000000000002c0
Event: 5.776 Thread 0x000001eeeb6c05c0 Uncommon trap: reason=speculate_null_assert action=make_not_entrant pc=0x000001ee99b20220 method=jdk.internal.loader.URLClassPath.getLoader(I)Ljdk/internal/loader/URLClassPath$Loader; @ 41 c2
Event: 5.776 Thread 0x000001eeeb6c05c0 DEOPT PACKING pc=0x000001ee99b20220 sp=0x0000004d5f8fe890
Event: 5.776 Thread 0x000001eeeb6c05c0 DEOPT UNPACKING pc=0x000001ee995a469c sp=0x0000004d5f8fe830 mode 2
Event: 5.778 Thread 0x000001eeeb6c05c0 Uncommon trap: trap_request=0xffffff45 fr.pc=0x000001ee99b366b8 relative=0x0000000000001978
Event: 5.778 Thread 0x000001eeeb6c05c0 Uncommon trap: reason=unstable_if action=reinterpret pc=0x000001ee99b366b8 method=java.io.WinNTFileSystem.normalize(Ljava/lang/String;)Ljava/lang/String; @ 133 c2
Event: 5.778 Thread 0x000001eeeb6c05c0 DEOPT PACKING pc=0x000001ee99b366b8 sp=0x0000004d5f8fe220
Event: 5.778 Thread 0x000001eeeb6c05c0 DEOPT UNPACKING pc=0x000001ee995a469c sp=0x0000004d5f8fe1f8 mode 2
Event: 5.815 Thread 0x000001eeeb6c05c0 DEOPT PACKING pc=0x000001ee920cfe9d sp=0x0000004d5f8fdbd0
Event: 5.815 Thread 0x000001eeeb6c05c0 DEOPT UNPACKING pc=0x000001ee995a4e23 sp=0x0000004d5f8fd0d8 mode 0
Event: 6.101 Thread 0x000001eeeb6c05c0 Uncommon trap: trap_request=0xffffff45 fr.pc=0x000001ee99b45e58 relative=0x0000000000000118
Event: 6.102 Thread 0x000001eeeb6c05c0 Uncommon trap: reason=unstable_if action=reinterpret pc=0x000001ee99b45e58 method=java.util.concurrent.locks.ReentrantLock$Sync.tryRelease(I)Z @ 26 c2
Event: 6.102 Thread 0x000001eeeb6c05c0 DEOPT PACKING pc=0x000001ee99b45e58 sp=0x0000004d5f8fe4e0
Event: 6.102 Thread 0x000001eeeb6c05c0 DEOPT UNPACKING pc=0x000001ee995a469c sp=0x0000004d5f8fe3c0 mode 2
Event: 6.102 Thread 0x000001eeeb6c05c0 Uncommon trap: trap_request=0xffffff45 fr.pc=0x000001ee99b45914 relative=0x0000000000000154
Event: 6.102 Thread 0x000001eeeb6c05c0 Uncommon trap: reason=unstable_if action=reinterpret pc=0x000001ee99b45914 method=java.util.concurrent.locks.ReentrantLock$Sync.tryRelease(I)Z @ 26 c2
Event: 6.102 Thread 0x000001eeeb6c05c0 DEOPT PACKING pc=0x000001ee99b45914 sp=0x0000004d5f8fe410
Event: 6.102 Thread 0x000001eeeb6c05c0 DEOPT UNPACKING pc=0x000001ee995a469c sp=0x0000004d5f8fe358 mode 2

Classes loaded (20 events):
Event: 6.114 Loading class jdk/internal/logger/SimpleConsoleLogger
Event: 6.115 Loading class sun/util/logging/PlatformLogger$ConfigurableBridge$LoggerConfiguration
Event: 6.115 Loading class sun/util/logging/PlatformLogger$ConfigurableBridge$LoggerConfiguration done
Event: 6.115 Loading class jdk/internal/logger/SimpleConsoleLogger done
Event: 6.115 Loading class jdk/internal/logger/SurrogateLogger done
Event: 6.115 Loading class java/lang/System$Logger$Level
Event: 6.115 Loading class java/lang/System$Logger$Level done
Event: 6.115 Loading class sun/util/logging/PlatformLogger
Event: 6.116 Loading class sun/util/logging/PlatformLogger done
Event: 6.116 Loading class sun/util/logging/PlatformLogger$Level
Event: 6.116 Loading class sun/util/logging/PlatformLogger$Level done
Event: 6.116 Loading class jdk/internal/logger/SimpleConsoleLogger$Formatting
Event: 6.116 Loading class jdk/internal/logger/SimpleConsoleLogger$Formatting done
Event: 6.116 Loading class java/util/logging/ErrorManager
Event: 6.116 Loading class java/util/logging/ErrorManager done
Event: 6.117 Loading class java/util/logging/Handler$1
Event: 6.118 Loading class java/util/logging/Handler$1 done
Event: 6.118 Loading class java/util/logging/StreamHandler$1
Event: 6.118 Loading class java/util/logging/StreamHandler$1 done
Event: 6.118 Loading class java/util/logging/LogManager$CloseOnReset

Classes unloaded (0 events):
No events

Classes redefined (0 events):
No events

Internal exceptions (18 events):
Event: 2.224 Thread 0x000001ee87bcef60 Exception <a 'java/lang/NoSuchMethodError'{0x000000008abccc60}: 'void java.lang.invoke.DirectMethodHandle$Holder.invokeStatic(java.lang.Object, java.lang.Object, java.lang.Object)'> (0x000000008abccc60) 
thrown [s\open\src\hotspot\share\interpreter\linkResolver.cpp, line 774]
Event: 2.233 Thread 0x000001ee87bcef60 Exception <a 'java/lang/NoSuchMethodError'{0x000000008abe46f8}: 'java.lang.Object java.lang.invoke.Invokers$Holder.invokeExact_MT(java.lang.Object, java.lang.Object, java.lang.Object, java.lang.Object, java.lang.Object)'> (0x000000008abe46f8) 
thrown [s\open\src\hotspot\share\interpreter\linkResolver.cpp, line 774]
Event: 2.399 Thread 0x000001eea5bfc0e0 Exception <a 'java/lang/NoSuchMethodError'{0x000000008aa5f1d8}: 'void java.lang.invoke.DirectMethodHandle$Holder.invokeStatic(java.lang.Object, java.lang.Object)'> (0x000000008aa5f1d8) 
thrown [s\open\src\hotspot\share\interpreter\linkResolver.cpp, line 774]
Event: 3.398 Thread 0x000001ee87bcef60 Exception <a 'java/lang/ClassNotFoundException'{0x000000008a8043a0}: javax/smartcardio/CardPermission> (0x000000008a8043a0) 
thrown [s\open\src\hotspot\share\classfile\systemDictionary.cpp, line 313]
Event: 3.459 Thread 0x000001ee87bcef60 Exception <a 'java/io/FileNotFoundException'{0x000000008a812290}> (0x000000008a812290) 
thrown [s\open\src\hotspot\share\prims\jni.cpp, line 520]
Event: 3.564 Thread 0x000001ee87bcef60 Exception <a 'java/lang/NoSuchMethodError'{0x000000008a8a1ed0}: 'java.lang.Object java.lang.invoke.DirectMethodHandle$Holder.invokeSpecial(java.lang.Object, java.lang.Object, java.lang.Object, long, java.lang.Object)'> (0x000000008a8a1ed0) 
thrown [s\open\src\hotspot\share\interpreter\linkResolver.cpp, line 774]
Event: 3.569 Thread 0x000001ee87bcef60 Exception <a 'java/lang/NoSuchMethodError'{0x000000008a8a5890}: 'java.lang.Object java.lang.invoke.Invokers$Holder.linkToTargetMethod(java.lang.Object, long, java.lang.Object, java.lang.Object)'> (0x000000008a8a5890) 
thrown [s\open\src\hotspot\share\interpreter\linkResolver.cpp, line 774]
Event: 4.220 Thread 0x000001ee87bcef60 Exception <a 'java/lang/NoSuchMethodError'{0x000000008abc81f0}: 'void java.lang.invoke.DirectMethodHandle$Holder.invokeStatic(java.lang.Object, java.lang.Object, java.lang.Object, java.lang.Object)'> (0x000000008abc81f0) 
thrown [s\open\src\hotspot\share\interpreter\linkResolver.cpp, line 774]
Event: 4.578 Thread 0x000001ee87bcef60 Exception <a 'java/lang/NoSuchMethodError'{0x000000008aaea2d8}: 'int java.lang.invoke.DirectMethodHandle$Holder.invokeStaticInit(java.lang.Object, java.lang.Object)'> (0x000000008aaea2d8) 
thrown [s\open\src\hotspot\share\interpreter\linkResolver.cpp, line 774]
Event: 4.691 Thread 0x000001ee87bcef60 Exception <a 'java/lang/NoSuchMethodError'{0x000000008a93c998}: 'void java.lang.invoke.DirectMethodHandle$Holder.invokeInterface(java.lang.Object, java.lang.Object, java.lang.Object, java.lang.Object)'> (0x000000008a93c998) 
thrown [s\open\src\hotspot\share\interpreter\linkResolver.cpp, line 774]
Event: 5.158 Thread 0x000001ee87bcef60 Exception <a 'java/lang/NoSuchMethodError'{0x000000008a74d628}: 'java.lang.Object java.lang.invoke.DirectMethodHandle$Holder.invokeInterface(java.lang.Object, java.lang.Object)'> (0x000000008a74d628) 
thrown [s\open\src\hotspot\share\interpreter\linkResolver.cpp, line 774]
Event: 5.221 Thread 0x000001ee87bcef60 Exception <a 'java/lang/NoSuchMethodError'{0x000000008a798d50}: 'java.lang.Object java.lang.invoke.DirectMethodHandle$Holder.invokeSpecialIFC(java.lang.Object, java.lang.Object, java.lang.Object, java.lang.Object)'> (0x000000008a798d50) 
thrown [s\open\src\hotspot\share\interpreter\linkResolver.cpp, line 774]
Event: 5.410 Thread 0x000001ee87bcef60 Exception <a 'java/lang/NoSuchMethodError'{0x000000008a7ba9f8}: 'java.lang.Object java.lang.invoke.DirectMethodHandle$Holder.invokeInterface(java.lang.Object, java.lang.Object, java.lang.Object)'> (0x000000008a7ba9f8) 
thrown [s\open\src\hotspot\share\interpreter\linkResolver.cpp, line 774]
Event: 5.587 Thread 0x000001ee87bcef60 Exception <a 'java/lang/NoSuchMethodError'{0x000000008a5ddca8}: 'int java.lang.invoke.DirectMethodHandle$Holder.invokeSpecial(java.lang.Object, java.lang.Object, java.lang.Object)'> (0x000000008a5ddca8) 
thrown [s\open\src\hotspot\share\interpreter\linkResolver.cpp, line 774]
Event: 5.780 Thread 0x000001eeeb6c05c0 Exception <a 'java/lang/NoSuchMethodError'{0x000000008a9027f8}: 'void java.lang.invoke.DirectMethodHandle$Holder.invokeSpecial(java.lang.Object, java.lang.Object, java.lang.Object)'> (0x000000008a9027f8) 
thrown [s\open\src\hotspot\share\interpreter\linkResolver.cpp, line 774]
Event: 5.921 Thread 0x000001eeeb6c05c0 Exception <a 'java/lang/NoSuchMethodError'{0x000000008a9e8bf0}: 'int java.lang.invoke.DirectMethodHandle$Holder.invokeStaticInit(java.lang.Object, java.lang.Object, java.lang.Object)'> (0x000000008a9e8bf0) 
thrown [s\open\src\hotspot\share\interpreter\linkResolver.cpp, line 774]
Event: 5.952 Thread 0x000001eeeb6c05c0 Exception <a 'java/lang/NoSuchMethodError'{0x000000008a844280}: 'java.lang.Object java.lang.invoke.DirectMethodHandle$Holder.newInvokeSpecial(java.lang.Object, java.lang.Object, java.lang.Object, java.lang.Object, java.lang.Object)'> (0x000000008a844280) 
thrown [s\open\src\hotspot\share\interpreter\linkResolver.cpp, line 774]
Event: 5.974 Thread 0x000001eeeb6c05c0 Exception <a 'java/lang/NoSuchMethodError'{0x000000008a895328}: 'java.lang.Object java.lang.invoke.DirectMethodHandle$Holder.invokeStaticInit(java.lang.Object, java.lang.Object, java.lang.Object)'> (0x000000008a895328) 
thrown [s\open\src\hotspot\share\interpreter\linkResolver.cpp, line 774]

ZGC Phase Switch (0 events):
No events

VM Operations (20 events):
Event: 1.806 Executing VM operation: Cleanup
Event: 1.806 Executing VM operation: Cleanup done
Event: 2.164 Executing VM operation: G1CollectForAllocation (G1 Evacuation Pause)
Event: 2.173 Executing VM operation: G1CollectForAllocation (G1 Evacuation Pause) done
Event: 2.926 Executing VM operation: HandshakeAllThreads (Deoptimize)
Event: 2.926 Executing VM operation: HandshakeAllThreads (Deoptimize) done
Event: 2.942 Executing VM operation: HandshakeAllThreads (Deoptimize)
Event: 2.942 Executing VM operation: HandshakeAllThreads (Deoptimize) done
Event: 3.947 Executing VM operation: Cleanup
Event: 3.947 Executing VM operation: Cleanup done
Event: 4.016 Executing VM operation: G1CollectForAllocation (G1 Evacuation Pause)
Event: 4.021 Executing VM operation: G1CollectForAllocation (G1 Evacuation Pause) done
Event: 5.036 Executing VM operation: Cleanup
Event: 5.036 Executing VM operation: Cleanup done
Event: 5.095 Executing VM operation: HandshakeAllThreads (Deoptimize)
Event: 5.095 Executing VM operation: HandshakeAllThreads (Deoptimize) done
Event: 5.095 Executing VM operation: HandshakeAllThreads (Deoptimize)
Event: 5.095 Executing VM operation: HandshakeAllThreads (Deoptimize) done
Event: 5.650 Executing VM operation: G1CollectForAllocation (G1 Evacuation Pause)
Event: 5.655 Executing VM operation: G1CollectForAllocation (G1 Evacuation Pause) done

Memory protections (0 events):
No events

Nmethod flushes (0 events):
No events

Events (14 events):
Event: 0.461 Thread 0x000001ee87bcef60 Thread added: 0x000001ee87bcef60
Event: 0.488 Thread 0x000001ee87bcef60 Thread added: 0x000001eea575d8c0
Event: 0.489 Thread 0x000001ee87bcef60 Thread added: 0x000001eea575f7f0
Event: 0.489 Thread 0x000001ee87bcef60 Thread added: 0x000001eea57674e0
Event: 0.489 Thread 0x000001ee87bcef60 Thread added: 0x000001eea5767f40
Event: 0.489 Thread 0x000001ee87bcef60 Thread added: 0x000001eea576a9b0
Event: 0.489 Thread 0x000001ee87bcef60 Thread added: 0x000001eea576b410
Event: 0.490 Thread 0x000001ee87bcef60 Thread added: 0x000001eea576c1a0
Event: 0.497 Thread 0x000001ee87bcef60 Thread added: 0x000001eea57bea60
Event: 0.759 Thread 0x000001ee87bcef60 Thread added: 0x000001eea597ef30
Event: 2.301 Thread 0x000001ee87bcef60 Thread added: 0x000001eea5bfc0e0
Event: 2.301 Thread 0x000001ee87bcef60 Thread added: 0x000001eeeb01d280
Event: 5.767 Thread 0x000001ee87bcef60 Thread added: 0x000001eeeb3be920
Event: 5.775 Thread 0x000001eeeb3be920 Thread added: 0x000001eeeb6c05c0


Dynamic libraries:
0x00007ff6f53e0000 - 0x00007ff6f53ee000 	C:\Users\Adilla\.jdks\openjdk-22.0.2\bin\java.exe
0x00007ffe707d0000 - 0x00007ffe709c8000 	C:\WINDOWS\SYSTEM32\ntdll.dll
0x00007ffe6f2d0000 - 0x00007ffe6f392000 	C:\WINDOWS\System32\KERNEL32.DLL
0x00007ffe6e0f0000 - 0x00007ffe6e3ee000 	C:\WINDOWS\System32\KERNELBASE.dll
0x00007ffe6e5e0000 - 0x00007ffe6e6e0000 	C:\WINDOWS\System32\ucrtbase.dll
0x00007ffe6a0d0000 - 0x00007ffe6a0eb000 	C:\Users\Adilla\.jdks\openjdk-22.0.2\bin\VCRUNTIME140.dll
0x00007ffe6a110000 - 0x00007ffe6a127000 	C:\Users\Adilla\.jdks\openjdk-22.0.2\bin\jli.dll
0x00007ffe6f450000 - 0x00007ffe6f5ed000 	C:\WINDOWS\System32\USER32.dll
0x00007ffe68e70000 - 0x00007ffe6910a000 	C:\WINDOWS\WinSxS\amd64_microsoft.windows.common-controls_6595b64144ccf1df_6.0.19041.4355_none_60b8b9eb71f62e16\COMCTL32.dll
0x00007ffe6e5b0000 - 0x00007ffe6e5d2000 	C:\WINDOWS\System32\win32u.dll
0x00007ffe703a0000 - 0x00007ffe703cb000 	C:\WINDOWS\System32\GDI32.dll
0x00007ffe6f970000 - 0x00007ffe6fa0e000 	C:\WINDOWS\System32\msvcrt.dll
0x00007ffe6de70000 - 0x00007ffe6df87000 	C:\WINDOWS\System32\gdi32full.dll
0x00007ffe6e6e0000 - 0x00007ffe6e77d000 	C:\WINDOWS\System32\msvcp_win.dll
0x00007ffe70370000 - 0x00007ffe7039f000 	C:\WINDOWS\System32\IMM32.DLL
0x00007ffe6a190000 - 0x00007ffe6a19c000 	C:\Users\Adilla\.jdks\openjdk-22.0.2\bin\vcruntime140_1.dll
0x00007ffe63ea0000 - 0x00007ffe63f2e000 	C:\Users\Adilla\.jdks\openjdk-22.0.2\bin\msvcp140.dll
0x00007ffe30a50000 - 0x00007ffe31799000 	C:\Users\Adilla\.jdks\openjdk-22.0.2\bin\server\jvm.dll
0x00007ffe6e7f0000 - 0x00007ffe6e8a1000 	C:\WINDOWS\System32\ADVAPI32.dll
0x00007ffe6fc80000 - 0x00007ffe6fd1f000 	C:\WINDOWS\System32\sechost.dll
0x00007ffe6fa10000 - 0x00007ffe6fb33000 	C:\WINDOWS\System32\RPCRT4.dll
0x00007ffe6e530000 - 0x00007ffe6e557000 	C:\WINDOWS\System32\bcrypt.dll
0x00007ffe6fb40000 - 0x00007ffe6fbab000 	C:\WINDOWS\System32\WS2_32.dll
0x00007ffe6dc20000 - 0x00007ffe6dc6b000 	C:\WINDOWS\SYSTEM32\POWRPROF.dll
0x00007ffe5a660000 - 0x00007ffe5a687000 	C:\WINDOWS\SYSTEM32\WINMM.dll
0x00007ffe68d00000 - 0x00007ffe68d0a000 	C:\WINDOWS\SYSTEM32\VERSION.dll
0x00007ffe6dc00000 - 0x00007ffe6dc12000 	C:\WINDOWS\SYSTEM32\UMPDC.dll
0x00007ffe6bd80000 - 0x00007ffe6bd92000 	C:\WINDOWS\SYSTEM32\kernel.appcore.dll
0x00007ffe6a0c0000 - 0x00007ffe6a0ca000 	C:\Users\Adilla\.jdks\openjdk-22.0.2\bin\jimage.dll
0x00007ffe6baa0000 - 0x00007ffe6bc84000 	C:\WINDOWS\SYSTEM32\DBGHELP.DLL
0x00007ffe60df0000 - 0x00007ffe60e24000 	C:\WINDOWS\SYSTEM32\dbgcore.DLL
0x00007ffe6e3f0000 - 0x00007ffe6e472000 	C:\WINDOWS\System32\bcryptPrimitives.dll
0x00007ffe64080000 - 0x00007ffe6408f000 	C:\Users\Adilla\.jdks\openjdk-22.0.2\bin\instrument.dll
0x00007ffe6a080000 - 0x00007ffe6a09e000 	C:\Users\Adilla\.jdks\openjdk-22.0.2\bin\java.dll
0x00007ffe6ead0000 - 0x00007ffe6f23d000 	C:\WINDOWS\System32\SHELL32.dll
0x00007ffe6fdd0000 - 0x00007ffe6fefb000 	C:\WINDOWS\System32\ole32.dll
0x00007ffe70430000 - 0x00007ffe70783000 	C:\WINDOWS\System32\combase.dll
0x00007ffe6bef0000 - 0x00007ffe6c694000 	C:\WINDOWS\SYSTEM32\windows.storage.dll
0x00007ffe6d7d0000 - 0x00007ffe6d7fe000 	C:\WINDOWS\SYSTEM32\Wldp.dll
0x00007ffe6fbb0000 - 0x00007ffe6fc7d000 	C:\WINDOWS\System32\OLEAUT32.dll
0x00007ffe6f3a0000 - 0x00007ffe6f44d000 	C:\WINDOWS\System32\SHCORE.dll
0x00007ffe6ea70000 - 0x00007ffe6eac5000 	C:\WINDOWS\System32\shlwapi.dll
0x00007ffe6dda0000 - 0x00007ffe6ddc4000 	C:\WINDOWS\SYSTEM32\profapi.dll
0x00007ffe4bcd0000 - 0x00007ffe4bda7000 	C:\Users\Adilla\.jdks\openjdk-22.0.2\bin\jsvml.dll
0x00007ffe647f0000 - 0x00007ffe64807000 	C:\Users\Adilla\.jdks\openjdk-22.0.2\bin\zip.dll
0x00007ffe6a0b0000 - 0x00007ffe6a0c0000 	C:\Users\Adilla\.jdks\openjdk-22.0.2\bin\net.dll
0x00007ffe6d530000 - 0x00007ffe6d59a000 	C:\WINDOWS\system32\mswsock.dll
0x00007ffe64810000 - 0x00007ffe64826000 	C:\Users\Adilla\.jdks\openjdk-22.0.2\bin\nio.dll
0x00007ffe5bd20000 - 0x00007ffe5bd3a000 	C:\Users\Adilla\OneDrive\Desktop\IntelliJ IDEA Community Edition 2024.1.4\bin\breakgen64.dll
0x00007ffe6a070000 - 0x00007ffe6a079000 	C:\Users\Adilla\.jdks\openjdk-22.0.2\bin\extnet.dll
0x00007ffe5bd10000 - 0x00007ffe5bd1a000 	C:\Users\Adilla\.jdks\openjdk-22.0.2\bin\management.dll
0x00007ffe5bd00000 - 0x00007ffe5bd0b000 	C:\Users\Adilla\.jdks\openjdk-22.0.2\bin\management_ext.dll
0x00007ffe6ea60000 - 0x00007ffe6ea68000 	C:\WINDOWS\System32\PSAPI.DLL

dbghelp: loaded successfully - version: 4.0.5 - missing functions: none
symbol engine: initialized successfully - sym options: 0x614 - pdb path: .;C:\Users\Adilla\.jdks\openjdk-22.0.2\bin;C:\WINDOWS\SYSTEM32;C:\WINDOWS\WinSxS\amd64_microsoft.windows.common-controls_6595b64144ccf1df_6.0.19041.4355_none_60b8b9eb71f62e16;C:\Users\Adilla\.jdks\openjdk-22.0.2\bin\server;C:\Users\Adilla\OneDrive\Desktop\IntelliJ IDEA Community Edition 2024.1.4\bin

VM Arguments:
jvm_args: -javaagent:C:\Users\Adilla\OneDrive\Desktop\IntelliJ IDEA Community Edition 2024.1.4\lib\idea_rt.jar=51187:C:\Users\Adilla\OneDrive\Desktop\IntelliJ IDEA Community Edition 2024.1.4\bin -Dfile.encoding=UTF-8 -Dsun.stdout.encoding=UTF-8 -Dsun.stderr.encoding=UTF-8 
java_command: com.example.E_Commerce.ECommerceApplication
java_class_path (initial): C:\Users\Adilla\OneDrive\Desktop\IntelliJ IDEA Community Edition 2024.1.4\jbr\bin\electro-hub\target\classes;C:\Users\Adilla\.m2\repository\org\springframework\boot\spring-boot-starter-data-jpa\3.3.5\spring-boot-starter-data-jpa-3.3.5.jar;C:\Users\Adilla\.m2\repository\org\springframework\boot\spring-boot-starter-aop\3.3.5\spring-boot-starter-aop-3.3.5.jar;C:\Users\Adilla\.m2\repository\org\aspectj\aspectjweaver\1.9.22.1\aspectjweaver-1.9.22.1.jar;C:\Users\Adilla\.m2\repository\org\springframework\boot\spring-boot-starter-jdbc\3.3.5\spring-boot-starter-jdbc-3.3.5.jar;C:\Users\Adilla\.m2\repository\com\zaxxer\HikariCP\5.1.0\HikariCP-5.1.0.jar;C:\Users\Adilla\.m2\repository\org\springframework\spring-jdbc\6.1.14\spring-jdbc-6.1.14.jar;C:\Users\Adilla\.m2\repository\org\hibernate\orm\hibernate-core\6.5.3.Final\hibernate-core-6.5.3.Final.jar;C:\Users\Adilla\.m2\repository\jakarta\persistence\jakarta.persistence-api\3.1.0\jakarta.persistence-api-3.1.0.jar;C:\Users\Adilla\.m2\repository\jakarta\transaction\jakarta.transaction-api\2.0.1\jakarta.transaction-api-2.0.1.jar;C:\Users\Adilla\.m2\repository\org\jboss\logging\jboss-logging\3.5.3.Final\jboss-logging-3.5.3.Final.jar;C:\Users\Adilla\.m2\repository\org\hibernate\common\hibernate-commons-annotations\6.0.6.Final\hibernate-commons-annotations-6.0.6.Final.jar;C:\Users\Adilla\.m2\repository\io\smallrye\jandex\3.1.2\jandex-3.1.2.jar;C:\Users\Adilla\.m2\repository\com\fasterxml\classmate\1.7.0\classmate-1.7.0.jar;C:\Users\Adilla\.m2\repository\net\bytebuddy\byte-buddy\1.14.19\byte-buddy-1.14.19.jar;C:\Users\Adilla\.m2\repository\org\glassfish\jaxb\jaxb-runtime\4.0.5\jaxb-runtime-4.0.5.jar;C:\Users\Adilla\.m2\repository\org\glassfish\jaxb\jaxb-core\4.0.5\jaxb-core-4.0.5.jar;C:\Users\Adilla\.m2\repository\org\glassfish\jaxb\txw2\4.0.5\txw2-4.0.5.jar;C:\Users\Adilla\.m2\repository\com\sun\istack\istack-commons-runtime\4.1.2\istack-commons-runtime-4.1.2.jar;C:\Users\Adilla\.m2\repository\jakarta\inject\jakarta.inject-api\2.0.1\jakarta.inject-api-2.0.1.jar;C:\Users\Adilla\.m2\repository\org\antlr\antlr4-runtime\4.13.0\antlr4-runtime-4.13.0.jar;C:\Users\Adilla\.m2\repository\org\springframework\data\spring-data-jpa\3.3.5\spring-data-jpa-3.3.5.jar;C:\Users\Adilla\.m2\repository\org\springframework\data\spring-data-commons\3.3.5\spring-data-commons-3.3.5.jar;C:\Users\Adilla\.m2\repository\org\springframework\spring-orm\6.1.14\spring-orm-6.1.14.jar;C:\Users\Adilla\.m2\repository\org\springframework\spring-context\6.1.14\spring-context-6.1.14.jar;C:\Users\Adilla\.m2\repository\org\springframework\spring-tx\6.1.14\spring-tx-6.1.14.jar;C:\Users\Adilla\.m2\repository\org\springframework\spring-beans\6.1.14\spring-beans-6.1.14.jar;C:\Users\Adilla\.m2\repository\jakarta\annotation\jakarta.annotation-api\2.1.1\jakarta.annotation-api-2.1.1.jar;C:\Users\Adilla\.m2\repository\org\slf4j\slf4j-api\2.0.16\slf4j-api-2.0.16.jar;C:\Users\Adilla\.m2\repository\org\springframework\spring-aspects\6.1.14\spring-aspects-6.1.14.jar;C:\Users\Adilla\.m2\repository\org\springframework\boot\spring-boot-starter-thymeleaf\3.3.5\spring-boot-starter-thymeleaf-3.3.5.jar;C:\Users\Adilla\.m2\repository\org\springframework\boot\spring-boot-starter\3.3.5\spring-boot-starter-3.3.5.jar;C:\Users\Adilla\.m2\repository\org\springframework\boot\spring-boot-starter-logging\3.3.5\spring-boot-starter-logging-3.3.5.jar;C:\Users\Adilla\.m2\repository\ch\qos\logback\logback-classic\1.5.11\logback-classic-1.5.11.jar;C:\Users\Adilla\.m2\repository\ch\qos\logback\logback-core\1.5.11\logback-core-1.5.11.jar;C:\Users\Adilla\.m2\repository\org\apache\logging\log4j\log4j-to-slf4j\2.23.1\log4j-to-slf4j-2.23.1.jar;C:\Users\Adilla\.m2\repository\org\apache\logging\log4j\log4j-api\2.23.1\log4j-api-2.23.1.jar;C:\Users\Adilla\.m2\repository\org\slf4j\jul-to-slf4j\2.0.16\jul-to-slf4j-2.0.16.jar;C:\Users\Adilla\.m2\repository\org\yaml\snakeyaml\2.2\snakeyaml-2.2.jar;C:\Users\Adilla\.m2\repository\org\thymeleaf\thymeleaf-spring6\3.1.2.RELEASE\thymeleaf-spring6-3.1.2.RELEASE.jar;C:\Users\Adilla\.m2\repository\org\thymeleaf\thymeleaf\3.1.2.RELEASE\thymeleaf-3.1.2.RELEASE.jar;C:\Users\Adilla\.m2\repository\org\attoparser\attoparser\2.0.7.RELEASE\attoparser-2.0.7.RELEASE.jar;C:\Users\Adilla\.m2\repository\org\unbescape\unbescape\1.1.6.RELEASE\unbescape-1.1.6.RELEASE.jar;C:\Users\Adilla\.m2\repository\org\springframework\boot\spring-boot-starter-web\3.3.5\spring-boot-starter-web-3.3.5.jar;C:\Users\Adilla\.m2\repository\org\springframework\boot\spring-boot-starter-json\3.3.5\spring-boot-starter-json-3.3.5.jar;C:\Users\Adilla\.m2\repository\com\fasterxml\jackson\core\jackson-databind\2.17.2\jackson-databind-2.17.2.jar;C:\Users\Adilla\.m2\repository\com\fasterxml\jackson\core\jackson-annotations\2.17.2\jackson-annotations-2.17.2.jar;C:\Users\Adilla\.m2\repository\com\fasterxml\jackson\core\jackson-core\2.17.2\jackson-core-2.17.2.jar;C:\Users\Adilla\.m2\repository\com\fasterxml\jackson\datatype\jackson-datatype-jdk8\2.17.2\jackson-datatype-jdk8-2.17.2.jar;C:\Users\Adilla\.m2\repository\com\fasterxml\jackson\datatype\jackson-datatype-jsr310\2.17.2\jackson-datatype-jsr310-2.17.2.jar;C:\Users\Adilla\.m2\repository\com\fasterxml\jackson\module\jackson-module-parameter-names\2.17.2\jackson-module-parameter-names-2.17.2.jar;C:\Users\Adilla\.m2\repository\org\springframework\boot\spring-boot-starter-tomcat\3.3.5\spring-boot-starter-tomcat-3.3.5.jar;C:\Users\Adilla\.m2\repository\org\apache\tomcat\embed\tomcat-embed-core\10.1.31\tomcat-embed-core-10.1.31.jar;C:\Users\Adilla\.m2\repository\org\apache\tomcat\embed\tomcat-embed-el\10.1.31\tomcat-embed-el-10.1.31.jar;C:\Users\Adilla\.m2\repository\org\apache\tomcat\embed\tomcat-embed-websocket\10.1.31\tomcat-embed-websocket-10.1.31.jar;C:\Users\Adilla\.m2\repository\org\springframework\spring-web\6.1.14\spring-web-6.1.14.jar;C:\Users\Adilla\.m2\repository\io\micrometer\micrometer-observation\1.13.6\micrometer-observation-1.13.6.jar;C:\Users\Adilla\.m2\repository\io\micrometer\micrometer-commons\1.13.6\micrometer-commons-1.13.6.jar;C:\Users\Adilla\.m2\repository\org\springframework\spring-webmvc\6.1.14\spring-webmvc-6.1.14.jar;C:\Users\Adilla\.m2\repository\org\springframework\spring-expression\6.1.14\spring-expression-6.1.14.jar;C:\Users\Adilla\.m2\repository\com\mysql\mysql-connector-j\8.3.0\mysql-connector-j-8.3.0.jar;C:\Users\Adilla\.m2\repository\jakarta\xml\bind\jakarta.xml.bind-api\4.0.2\jakarta.xml.bind-api-4.0.2.jar;C:\Users\Adilla\.m2\repository\jakarta\activation\jakarta.activation-api\2.1.3\jakarta.activation-api-2.1.3.jar;C:\Users\Adilla\.m2\repository\net\minidev\json-smart\2.5.1\json-smart-2.5.1.jar;C:\Users\Adilla\.m2\repository\net\minidev\accessors-smart\2.5.1\accessors-smart-2.5.1.jar;C:\Users\Adilla\.m2\repository\org\ow2\asm\asm\9.6\asm-9.6.jar;C:\Users\Adilla\.m2\repository\org\springframework\spring-core\6.1.14\spring-core-6.1.14.jar;C:\Users\Adilla\.m2\repository\org\springframework\spring-jcl\6.1.14\spring-jcl-6.1.14.jar;C:\Users\Adilla\.m2\repository\org\projectlombok\lombok\1.18.34\lombok-1.18.34.jar;C:\Users\Adilla\.m2\repository\org\springframework\boot\spring-boot-starter-mail\3.3.5\spring-boot-starter-mail-3.3.5.jar;C:\Users\Adilla\.m2\repository\org\springframework\spring-context-support\6.1.14\spring-context-support-6.1.14.jar;C:\Users\Adilla\.m2\repository\org\eclipse\angus\jakarta.mail\2.0.3\jakarta.mail-2.0.3.jar;C:\Users\Adilla\.m2\repository\org\eclipse\angus\angus-activation\2.0.2\angus-activation-2.0.2.jar;C:\Users\Adilla\.m2\repository\com\cloudinary\cloudinary-taglib\2.0.0\cloudinary-taglib-2.0.0.jar;C:\Users\Adilla\.m2\repository\com\cloudinary\cloudinary-core\2.0.0\cloudinary-core-2.0.0.jar;C:\Users\Adilla\.m2\repository\org\apache\commons\commons-lang3\3.14.0\commons-lang3-3.14.0.jar;C:\Users\Adilla\.m2\repository\javax\servlet\jsp-api\2.0\jsp-api-2.0.jar;C:\Users\Adilla\.m2\repository\javax\servlet\servlet-api\2.4\servlet-api-2.4.jar;C:\Users\Adilla\.m2\repository\org\springframework\boot\spring-boot-starter-cache\3.3.5\spring-boot-starter-cache-3.3.5.jar;C:\Users\Adilla\.m2\repository\com\github\ben-manes\caffeine\caffeine\3.1.6\caffeine-3.1.6.jar;C:\Users\Adilla\.m2\repository\org\checkerframework\checker-qual\3.33.0\checker-qual-3.33.0.jar;C:\Users\Adilla\.m2\repository\com\google\errorprone\error_prone_annotations\2.18.0\error_prone_annotations-2.18.0.jar;C:\Users\Adilla\.m2\repository\org\springframework\boot\spring-boot-starter-oauth2-client\3.3.5\spring-boot-starter-oauth2-client-3.3.5.jar;C:\Users\Adilla\.m2\repository\org\springframework\security\spring-security-config\6.3.4\spring-security-config-6.3.4.jar;C:\Users\Adilla\.m2\repository\org\springframework\security\spring-security-core\6.3.4\spring-security-core-6.3.4.jar;C:\Users\Adilla\.m2\repository\org\springframework\security\spring-security-crypto\6.3.4\spring-security-crypto-6.3.4.jar;C:\Users\Adilla\.m2\repository\org\springframework\security\spring-security-oauth2-client\6.3.4\spring-security-oauth2-client-6.3.4.jar;C:\Users\Adilla\.m2\repository\org\springframework\security\spring-security-oauth2-core\6.3.4\spring-security-oauth2-core-6.3.4.jar;C:\Users\Adilla\.m2\repository\com\nimbusds\oauth2-oidc-sdk\9.43.4\oauth2-oidc-sdk-9.43.4.jar;C:\Users\Adilla\.m2\repository\com\github\stephenc\jcip\jcip-annotations\1.0-1\jcip-annotations-1.0-1.jar;C:\Users\Adilla\.m2\repository\com\nimbusds\content-type\2.2\content-type-2.2.jar;C:\Users\Adilla\.m2\repository\com\nimbusds\lang-tag\1.7\lang-tag-1.7.jar;C:\Users\Adilla\.m2\repository\org\springframework\security\spring-security-oauth2-jose\6.3.4\spring-security-oauth2-jose-6.3.4.jar;C:\Users\Adilla\.m2\repository\com\nimbusds\nimbus-jose-jwt\9.37.3\nimbus-jose-jwt-9.37.3.jar;C:\Users\Adilla\.m2\repository\org\springframework\boot\spring-boot-starter-security\3.3.5\spring-boot-starter-security-3.3.5.jar;C:\Users\Adilla\.m2\repository\org\springframework\spring-aop\6.1.14\spring-aop-6.1.14.jar;C:\Users\Adilla\.m2\repository\org\springframework\security\spring-security-web\6.3.4\spring-security-web-6.3.4.jar;C:\Users\Adilla\.m2\repository\org\springframework\boot\spring-boot-devtools\3.3.5\spring-boot-devtools-3.3.5.jar;C:\Users\Adilla\.m2\repository\org\springframework\boot\spring-boot\3.3.5\spring-boot-3.3.5.jar;C:\Users\Adilla\.m2\repository\org\springframework\boot\spring-boot-autoconfigure\3.3.5\spring-boot-autoconfigure-3.3.5.jar;C:\Users\Adilla\.m2\repository\com\razorpay\razorpay-java\1.4.4\razorpay-java-1.4.4.jar;C:\Users\Adilla\.m2\repository\org\json\json\20180130\json-20180130.jar;C:\Users\Adilla\.m2\repository\com\squareup\okhttp3\okhttp\4.12.0\okhttp-4.12.0.jar;C:\Users\Adilla\.m2\repository\com\squareup\okio\okio\3.6.0\okio-3.6.0.jar;C:\Users\Adilla\.m2\repository\com\squareup\okio\okio-jvm\3.6.0\okio-jvm-3.6.0.jar;C:\Users\Adilla\.m2\repository\org\jetbrains\kotlin\kotlin-stdlib-common\1.9.25\kotlin-stdlib-common-1.9.25.jar;C:\Users\Adilla\.m2\repository\org\jetbrains\kotlin\kotlin-stdlib-jdk8\1.9.25\kotlin-stdlib-jdk8-1.9.25.jar;C:\Users\Adilla\.m2\repository\org\jetbrains\kotlin\kotlin-stdlib\1.9.25\kotlin-stdlib-1.9.25.jar;C:\Users\Adilla\.m2\repository\org\jetbrains\annotations\13.0\annotations-13.0.jar;C:\Users\Adilla\.m2\repository\org\jetbrains\kotlin\kotlin-stdlib-jdk7\1.9.25\kotlin-stdlib-jdk7-1.9.25.jar;C:\Users\Adilla\.m2\repository\com\squareup\okhttp3\logging-interceptor\4.12.0\logging-interceptor-4.12.0.jar;C:\Users\Adilla\.m2\repository\commons-codec\commons-codec\1.16.1\commons-codec-1.16.1.jar;C:\Users\Adilla\.m2\repository\org\apache\commons\commons-text\1.3\commons-text-1.3.jar
Launcher Type: SUN_STANDARD

[Global flags]
     intx CICompilerCount                          = 2                                         {product} {ergonomic}
     uint ConcGCThreads                            = 1                                         {product} {ergonomic}
     uint G1ConcRefinementThreads                  = 2                                         {product} {ergonomic}
   size_t G1HeapRegionSize                         = 1048576                                   {product} {ergonomic}
   size_t InitialHeapSize                          = 132120576                                 {product} {ergonomic}
   size_t MarkStackSize                            = 4194304                                   {product} {ergonomic}
   size_t MaxHeapSize                              = 2099249152                                {product} {ergonomic}
   size_t MaxNewSize                               = 1259339776                                {product} {ergonomic}
   size_t MinHeapDeltaBytes                        = 1048576                                   {product} {ergonomic}
   size_t MinHeapSize                              = 8388608                                   {product} {ergonomic}
    uintx NonNMethodCodeHeapSize                   = 5826188                                {pd product} {ergonomic}
    uintx NonProfiledCodeHeapSize                  = 122916026                              {pd product} {ergonomic}
    uintx ProfiledCodeHeapSize                     = 122916026                              {pd product} {ergonomic}
    uintx ReservedCodeCacheSize                    = 251658240                              {pd product} {ergonomic}
     bool SegmentedCodeCache                       = true                                      {product} {ergonomic}
   size_t SoftMaxHeapSize                          = 2099249152                             {manageable} {ergonomic}
     bool UseCompressedOops                        = true                           {product lp64_product} {ergonomic}
     bool UseG1GC                                  = true                                      {product} {ergonomic}
     bool UseLargePagesIndividualAllocation        = false                                  {pd product} {ergonomic}

Logging:
Log output configuration:
 #0: stdout all=warning uptime,level,tags foldmultilines=false
 #1: stderr all=off uptime,level,tags foldmultilines=false

Environment Variables:
JAVA_HOME=C:\Program Files\Java\jdk-22
PATH=C:\Program Files\Common Files\Oracle\Java\javapath;C:\Users\Adilla\AppData\Local\Programs\Python\Python39\Scripts\;C:\WINDOWS\system32;C:\WINDOWS;C:\WINDOWS\System32\Wbem;C:\WINDOWS\System32\WindowsPowerShell\v1.0\;C:\WINDOWS\System32\OpenSSH\;C:\Program Files\Java\jdk-14.0.1\bin;C:\Program Files\Java\jdk-14.0.1;C:\Program Files\MySQL\MySQL Workbench 8.0 CE;C:\Program Files\MySQL\MySQL Server 8.0\bin;C:\Users\Adilla\AppData\Local\Programs\Python\Python39\;C:\Program Files\mingw-w64\x86_64-8.1.0-posix-seh-rt_v6-rev0\mingw64\bin;C:\Users\Adilla\flutter\bin;C:\PHP7;C:\Program Files\nodejs\;C:\ProgramData\chocolatey\bin;C:\Program Files\Git\cmd;C:\Program Files\MySQL\MySQL Shell 8.0\bin\;C:\Users\Adilla\AppData\Local\Programs\Python\Python39\Scripts\;C:\Users\Adilla\AppData\Local\Programs\Python\Python39\;%PYTHONHOME%;C:\Program Files\Common Files\Oracle\Java\javapath;C:\Users\Adilla\AppData\Local\Programs\Python\Python39\Scripts\;C:\WINDOWS\system32;C:\WINDOWS;C:\WINDOWS\System32\Wbem;C:\WINDOWS\System32\WindowsPowerShell\v1.0\;C:\WINDOWS\System32\OpenSSH\;C:\Program Files\Java\jdk-14.0.1\bin;C:\Program Files\Java\jdk-14.0.1;C:\Program Files\MySQL\MySQL Workbench 8.0 CE;C:\Program Files\MySQL\MySQL Server 8.0\bin;C:\Users\Adilla\AppData\Local\Programs\Python\Python39\;C:\Program Files\mingw-w64\x86_64-8.1.0-posix-seh-rt_v6-rev0\mingw64\bin;C:\Users\Adilla\flutter\bin;C:\PHP7;C:\Program Files\nodejs\;C:\ProgramData\chocolatey\bin;C:\Program Files\Git\cmd;C:\Program Files\mingw-w64\x86_64-8.1.0-posix-seh-rt_v6-rev0\mingw64\bin;C:\src\flutter\bin;C:\Users\Adilla\AppData\Local\Microsoft\WindowsApps;C:\Users\Adilla\Downloads\mongodb-windows-x86_64-4.4.5\mongodb-win32-x86_64-windows-4.4.5\bin;C:\Program Files (x86)\GnuWin32\bin;C:\Dev-Cpp\bin;C:\Users\Adilla\AppData\Local\GitHubDesktop\bin;C:\Users\Adilla\AppData\Roaming\npm;C:\Users\Adilla\AppData\Local\Programs\Microsoft VS Code\bin;C:\Program Files\Java\jdk-22\bin;;C:\Users\Adilla\OneDrive\Desktop\IntelliJ IDEA Community Edition 2024.1.4\bin;
USERNAME=Athila
OS=Windows_NT
PROCESSOR_IDENTIFIER=Intel64 Family 6 Model 122 Stepping 1, GenuineIntel
TMP=C:\Users\Adilla\AppData\Local\Temp
TEMP=C:\Users\Adilla\AppData\Local\Temp




Periodic native trim disabled

---------------  S Y S T E M  ---------------

OS:
 Windows 10 , 64 bit Build 19041 (10.0.19041.5198)
OS uptime: 0 days 7:24 hours

CPU: total 2 (initial active 2) (2 cores per cpu, 1 threads per core) family 6 model 122 stepping 1 microcode 0x34, cx8, cmov, fxsr, mmx, 3dnowpref, sse, sse2, sse3, ssse3, sse4.1, sse4.2, popcnt, tsc, tscinvbit, aes, erms, clmul, sha, clflush, clflushopt, rdtscp, rdpid
Processor Information for all 2 processors :
  Max Mhz: 1101, Current Mhz: 1101, Mhz Limit: 1101

Memory: 4k page, system-wide physical 8007M (761M free)
TotalPageFile size 9507M (AvailPageFile size 2M)
current process WorkingSet (physical memory assigned to process): 72M, peak: 72M
current process commit charge ("private bytes"): 212M, peak: 212M

vm_info: OpenJDK 64-Bit Server VM (22.0.2+9-70) for windows-amd64 JRE (22.0.2+9-70), built on 2024-06-04T16:52:23Z by "mach5one" with MS VC++ 17.6 (VS2022)

END.
